This is pdfTeX, Version 3.14159265-2.6-1.40.18 (TeX Live 2017/Debian) (preloaded format=pdflatex 2019.2.14)  25 FEB 2020 14:32
entering extended mode
 restricted \write18 enabled.
 %&-line parsing enabled.
**rooney_week4.tex
(./rooney_week4.tex
LaTeX2e <2017-04-15>
Babel <3.18> and hyphenation patterns for 7 language(s) loaded.
(/usr/share/texlive/texmf-dist/tex/latex/base/article.cls
Document Class: article 2014/09/29 v1.4h Standard LaTeX document class
(/usr/share/texlive/texmf-dist/tex/latex/base/size10.clo
File: size10.clo 2014/09/29 v1.4h Standard LaTeX file (size option)
)
\c@part=\count79
\c@section=\count80
\c@subsection=\count81
\c@subsubsection=\count82
\c@paragraph=\count83
\c@subparagraph=\count84
\c@figure=\count85
\c@table=\count86
\abovecaptionskip=\skip41
\belowcaptionskip=\skip42
\bibindent=\dimen102
)
(/usr/share/texlive/texmf-dist/tex/latex/graphics/graphicx.sty
Package: graphicx 2017/06/01 v1.1a Enhanced LaTeX Graphics (DPC,SPQR)

(/usr/share/texlive/texmf-dist/tex/latex/graphics/keyval.sty
Package: keyval 2014/10/28 v1.15 key=value parser (DPC)
\KV@toks@=\toks14
)
(/usr/share/texlive/texmf-dist/tex/latex/graphics/graphics.sty
Package: graphics 2017/06/25 v1.2c Standard LaTeX Graphics (DPC,SPQR)

(/usr/share/texlive/texmf-dist/tex/latex/graphics/trig.sty
Package: trig 2016/01/03 v1.10 sin cos tan (DPC)
)
(/usr/share/texlive/texmf-dist/tex/latex/graphics-cfg/graphics.cfg
File: graphics.cfg 2016/06/04 v1.11 sample graphics configuration
)
Package graphics Info: Driver file: pdftex.def on input line 99.

(/usr/share/texlive/texmf-dist/tex/latex/graphics-def/pdftex.def
File: pdftex.def 2018/01/08 v1.0l Graphics/color driver for pdftex
))
\Gin@req@height=\dimen103
\Gin@req@width=\dimen104
)
(/usr/share/texlive/texmf-dist/tex/latex/amsmath/amsmath.sty
Package: amsmath 2017/09/02 v2.17a AMS math features
\@mathmargin=\skip43

For additional information on amsmath, use the `?' option.
(/usr/share/texlive/texmf-dist/tex/latex/amsmath/amstext.sty
Package: amstext 2000/06/29 v2.01 AMS text

(/usr/share/texlive/texmf-dist/tex/latex/amsmath/amsgen.sty
File: amsgen.sty 1999/11/30 v2.0 generic functions
\@emptytoks=\toks15
\ex@=\dimen105
))
(/usr/share/texlive/texmf-dist/tex/latex/amsmath/amsbsy.sty
Package: amsbsy 1999/11/29 v1.2d Bold Symbols
\pmbraise@=\dimen106
)
(/usr/share/texlive/texmf-dist/tex/latex/amsmath/amsopn.sty
Package: amsopn 2016/03/08 v2.02 operator names
)
\inf@bad=\count87
LaTeX Info: Redefining \frac on input line 213.
\uproot@=\count88
\leftroot@=\count89
LaTeX Info: Redefining \overline on input line 375.
\classnum@=\count90
\DOTSCASE@=\count91
LaTeX Info: Redefining \ldots on input line 472.
LaTeX Info: Redefining \dots on input line 475.
LaTeX Info: Redefining \cdots on input line 596.
\Mathstrutbox@=\box26
\strutbox@=\box27
\big@size=\dimen107
LaTeX Font Info:    Redeclaring font encoding OML on input line 712.
LaTeX Font Info:    Redeclaring font encoding OMS on input line 713.
\macc@depth=\count92
\c@MaxMatrixCols=\count93
\dotsspace@=\muskip10
\c@parentequation=\count94
\dspbrk@lvl=\count95
\tag@help=\toks16
\row@=\count96
\column@=\count97
\maxfields@=\count98
\andhelp@=\toks17
\eqnshift@=\dimen108
\alignsep@=\dimen109
\tagshift@=\dimen110
\tagwidth@=\dimen111
\totwidth@=\dimen112
\lineht@=\dimen113
\@envbody=\toks18
\multlinegap=\skip44
\multlinetaggap=\skip45
\mathdisplay@stack=\toks19
LaTeX Info: Redefining \[ on input line 2817.
LaTeX Info: Redefining \] on input line 2818.
)
(/usr/share/texlive/texmf-dist/tex/latex/placeins/placeins.sty
Package: placeins 2005/04/18  v 2.2
)
(/usr/share/texlive/texmf-dist/tex/latex/geometry/geometry.sty
Package: geometry 2010/09/12 v5.6 Page Geometry

(/usr/share/texlive/texmf-dist/tex/generic/oberdiek/ifpdf.sty
Package: ifpdf 2017/03/15 v3.2 Provides the ifpdf switch
)
(/usr/share/texlive/texmf-dist/tex/generic/oberdiek/ifvtex.sty
Package: ifvtex 2016/05/16 v1.6 Detect VTeX and its facilities (HO)
Package ifvtex Info: VTeX not detected.
)
(/usr/share/texlive/texmf-dist/tex/generic/ifxetex/ifxetex.sty
Package: ifxetex 2010/09/12 v0.6 Provides ifxetex conditional
)
\Gm@cnth=\count99
\Gm@cntv=\count100
\c@Gm@tempcnt=\count101
\Gm@bindingoffset=\dimen114
\Gm@wd@mp=\dimen115
\Gm@odd@mp=\dimen116
\Gm@even@mp=\dimen117
\Gm@layoutwidth=\dimen118
\Gm@layoutheight=\dimen119
\Gm@layouthoffset=\dimen120
\Gm@layoutvoffset=\dimen121
\Gm@dimlist=\toks20
)
(/usr/share/texlive/texmf-dist/tex/latex/float/float.sty
Package: float 2001/11/08 v1.3d Float enhancements (AL)
\c@float@type=\count102
\float@exts=\toks21
\float@box=\box28
\@float@everytoks=\toks22
\@floatcapt=\box29
)
(/usr/share/texlive/texmf-dist/tex/latex/fancyhdr/fancyhdr.sty
Package: fancyhdr 2017/06/30 v3.9a Extensive control of page headers and footer
s
\f@nch@headwidth=\skip46
\f@nch@O@elh=\skip47
\f@nch@O@erh=\skip48
\f@nch@O@olh=\skip49
\f@nch@O@orh=\skip50
\f@nch@O@elf=\skip51
\f@nch@O@erf=\skip52
\f@nch@O@olf=\skip53
\f@nch@O@orf=\skip54
)
(./rooney_week4.aux

LaTeX Warning: Label `fig:qual' multiply defined.


LaTeX Warning: Label `fig:qual' multiply defined.


LaTeX Warning: Label `fig:qual' multiply defined.


LaTeX Warning: Label `fig:qual' multiply defined.


LaTeX Warning: Label `fig:qual' multiply defined.


LaTeX Warning: Label `fig:qual' multiply defined.


LaTeX Warning: Label `fig:qual' multiply defined.


LaTeX Warning: Label `fig:qual' multiply defined.


LaTeX Warning: Label `fig:qual' multiply defined.


LaTeX Warning: Label `fig:qual' multiply defined.


LaTeX Warning: Label `fig:qual' multiply defined.


LaTeX Warning: Label `fig:qual' multiply defined.


LaTeX Warning: Label `fig:qual' multiply defined.


LaTeX Warning: Label `fig:qual' multiply defined.


LaTeX Warning: Label `fig:qual' multiply defined.


LaTeX Warning: Label `fig:qual' multiply defined.


LaTeX Warning: Label `fig:qual' multiply defined.


LaTeX Warning: Label `fig:qual' multiply defined.


LaTeX Warning: Label `fig:qual' multiply defined.


LaTeX Warning: Label `fig:qual' multiply defined.


LaTeX Warning: Label `fig:qual' multiply defined.


LaTeX Warning: Label `fig:qual' multiply defined.


LaTeX Warning: Label `fig:qual' multiply defined.


LaTeX Warning: Label `fig:qual' multiply defined.


LaTeX Warning: Label `fig:qual' multiply defined.


LaTeX Warning: Label `fig:qual' multiply defined.


LaTeX Warning: Label `fig:qual' multiply defined.


LaTeX Warning: Label `fig:qual' multiply defined.


LaTeX Warning: Label `fig:qual' multiply defined.


LaTeX Warning: Label `fig:qual' multiply defined.


LaTeX Warning: Label `fig:qual' multiply defined.

)
\openout1 = `rooney_week4.aux'.

LaTeX Font Info:    Checking defaults for OML/cmm/m/it on input line 29.
LaTeX Font Info:    ... okay on input line 29.
LaTeX Font Info:    Checking defaults for T1/cmr/m/n on input line 29.
LaTeX Font Info:    ... okay on input line 29.
LaTeX Font Info:    Checking defaults for OT1/cmr/m/n on input line 29.
LaTeX Font Info:    ... okay on input line 29.
LaTeX Font Info:    Checking defaults for OMS/cmsy/m/n on input line 29.
LaTeX Font Info:    ... okay on input line 29.
LaTeX Font Info:    Checking defaults for OMX/cmex/m/n on input line 29.
LaTeX Font Info:    ... okay on input line 29.
LaTeX Font Info:    Checking defaults for U/cmr/m/n on input line 29.
LaTeX Font Info:    ... okay on input line 29.
 (/usr/share/texlive/texmf-dist/tex/context/base/mkii/supp-pdf.mkii
[Loading MPS to PDF converter (version 2006.09.02).]
\scratchcounter=\count103
\scratchdimen=\dimen122
\scratchbox=\box30
\nofMPsegments=\count104
\nofMParguments=\count105
\everyMPshowfont=\toks23
\MPscratchCnt=\count106
\MPscratchDim=\dimen123
\MPnumerator=\count107
\makeMPintoPDFobject=\count108
\everyMPtoPDFconversion=\toks24
) (/usr/share/texlive/texmf-dist/tex/latex/oberdiek/epstopdf-base.sty
Package: epstopdf-base 2016/05/15 v2.6 Base part for package epstopdf

(/usr/share/texlive/texmf-dist/tex/generic/oberdiek/infwarerr.sty
Package: infwarerr 2016/05/16 v1.4 Providing info/warning/error messages (HO)
)
(/usr/share/texlive/texmf-dist/tex/latex/oberdiek/grfext.sty
Package: grfext 2016/05/16 v1.2 Manage graphics extensions (HO)

(/usr/share/texlive/texmf-dist/tex/generic/oberdiek/kvdefinekeys.sty
Package: kvdefinekeys 2016/05/16 v1.4 Define keys (HO)

(/usr/share/texlive/texmf-dist/tex/generic/oberdiek/ltxcmds.sty
Package: ltxcmds 2016/05/16 v1.23 LaTeX kernel commands for general use (HO)
)))
(/usr/share/texlive/texmf-dist/tex/latex/oberdiek/kvoptions.sty
Package: kvoptions 2016/05/16 v3.12 Key value format for package options (HO)

(/usr/share/texlive/texmf-dist/tex/generic/oberdiek/kvsetkeys.sty
Package: kvsetkeys 2016/05/16 v1.17 Key value parser (HO)

(/usr/share/texlive/texmf-dist/tex/generic/oberdiek/etexcmds.sty
Package: etexcmds 2016/05/16 v1.6 Avoid name clashes with e-TeX commands (HO)

(/usr/share/texlive/texmf-dist/tex/generic/oberdiek/ifluatex.sty
Package: ifluatex 2016/05/16 v1.4 Provides the ifluatex switch (HO)
Package ifluatex Info: LuaTeX not detected.
)
Package etexcmds Info: Could not find \expanded.
(etexcmds)             That can mean that you are not using pdfTeX 1.50 or
(etexcmds)             that some package has redefined \expanded.
(etexcmds)             In the latter case, load this package earlier.
)))
(/usr/share/texlive/texmf-dist/tex/generic/oberdiek/pdftexcmds.sty
Package: pdftexcmds 2018/01/21 v0.26 Utility functions of pdfTeX for LuaTeX (HO
)
Package pdftexcmds Info: LuaTeX not detected.
Package pdftexcmds Info: \pdf@primitive is available.
Package pdftexcmds Info: \pdf@ifprimitive is available.
Package pdftexcmds Info: \pdfdraftmode found.
)
Package epstopdf-base Info: Redefining graphics rule for `.eps' on input line 4
38.
Package grfext Info: Graphics extension search list:
(grfext)             [.pdf,.png,.jpg,.mps,.jpeg,.jbig2,.jb2,.PDF,.PNG,.JPG,.JPE
G,.JBIG2,.JB2,.eps]
(grfext)             \AppendGraphicsExtensions on input line 456.

(/usr/share/texlive/texmf-dist/tex/latex/latexconfig/epstopdf-sys.cfg
File: epstopdf-sys.cfg 2010/07/13 v1.3 Configuration of (r)epstopdf for TeX Liv
e
))
*geometry* driver: auto-detecting
*geometry* detected driver: pdftex
*geometry* verbose mode - [ preamble ] result:
* driver: pdftex
* paper: <default>
* layout: <same size as paper>
* layoutoffset:(h,v)=(0.0pt,0.0pt)
* modes: 
* h-part:(L,W,R)=(72.26999pt, 469.75502pt, 72.26999pt)
* v-part:(T,H,B)=(72.26999pt, 650.43001pt, 72.26999pt)
* \paperwidth=614.295pt
* \paperheight=794.96999pt
* \textwidth=469.75502pt
* \textheight=650.43001pt
* \oddsidemargin=0.0pt
* \evensidemargin=0.0pt
* \topmargin=-37.0pt
* \headheight=12.0pt
* \headsep=25.0pt
* \topskip=10.0pt
* \footskip=30.0pt
* \marginparwidth=65.0pt
* \marginparsep=11.0pt
* \columnsep=10.0pt
* \skip\footins=9.0pt plus 4.0pt minus 2.0pt
* \hoffset=0.0pt
* \voffset=0.0pt
* \mag=1000
* \@twocolumnfalse
* \@twosidefalse
* \@mparswitchfalse
* \@reversemarginfalse
* (1in=72.27pt=25.4mm, 1cm=28.453pt)

<images/p0.pdf, id=1, 870.25125pt x 529.98pt>
File: images/p0.pdf Graphic file (type pdf)
<use images/p0.pdf>
Package pdftex.def Info: images/p0.pdf  used on input line 46.
(pdftex.def)             Requested size: 281.85587pt x 171.65111pt.
<images/p1-1a.pdf, id=2, 870.25125pt x 528.97626pt>
File: images/p1-1a.pdf Graphic file (type pdf)
<use images/p1-1a.pdf>
Package pdftex.def Info: images/p1-1a.pdf  used on input line 63.
(pdftex.def)             Requested size: 281.85587pt x 171.32602pt.
[1{/var/lib/texmf/fonts/map/pdftex/updmap/pdftex.map}

 <./images/p0.pdf>]
<images/p1-1b.pdf, id=18, 899.36pt x 514.92375pt>
File: images/p1-1b.pdf Graphic file (type pdf)
<use images/p1-1b.pdf>
Package pdftex.def Info: images/p1-1b.pdf  used on input line 74.
(pdftex.def)             Requested size: 281.85587pt x 161.37683pt.
<images/p1-1c.pdf, id=19, 870.25125pt x 549.05125pt>
File: images/p1-1c.pdf Graphic file (type pdf)
<use images/p1-1c.pdf>
Package pdftex.def Info: images/p1-1c.pdf  used on input line 85.
(pdftex.def)             Requested size: 281.85587pt x 177.82796pt.

[2 <./images/p1-1a.pdf> <./images/p1-1b.pdf

pdfTeX warning: pdflatex (file ./images/p1-1b.pdf): PDF inclusion: multiple pdf
s with page group included in a single page
>]
<images/p1-1d.pdf, id=43, 746.79pt x 424.58624pt>
File: images/p1-1d.pdf Graphic file (type pdf)
<use images/p1-1d.pdf>
Package pdftex.def Info: images/p1-1d.pdf  used on input line 95.
(pdftex.def)             Requested size: 281.85587pt x 160.24956pt.
<images/p1-1e.pdf, id=44, 746.79pt x 417.56pt>
File: images/p1-1e.pdf Graphic file (type pdf)
<use images/p1-1e.pdf>
Package pdftex.def Info: images/p1-1e.pdf  used on input line 96.
(pdftex.def)             Requested size: 281.85587pt x 157.59766pt.
<images/p1-1f.pdf, id=45, 745.78625pt x 438.63875pt>
File: images/p1-1f.pdf Graphic file (type pdf)
<use images/p1-1f.pdf>
Package pdftex.def Info: images/p1-1f.pdf  used on input line 97.
(pdftex.def)             Requested size: 281.85587pt x 165.77419pt.
 [3 <./images/p1-1c.pdf>] [4 <./images/p1-1d.pdf> <./images/p1-1e.pdf

pdfTeX warning: pdflatex (file ./images/p1-1e.pdf): PDF inclusion: multiple pdf
s with page group included in a single page
> <./images/p1-1f.pdf

pdfTeX warning: pdflatex (file ./images/p1-1f.pdf): PDF inclusion: multiple pdf
s with page group included in a single page
>]
<images/p1-2a.pdf, id=76, 870.25125pt x 528.97626pt>
File: images/p1-2a.pdf Graphic file (type pdf)
<use images/p1-2a.pdf>
Package pdftex.def Info: images/p1-2a.pdf  used on input line 111.
(pdftex.def)             Requested size: 281.85587pt x 171.32602pt.
<images/p1-2b.pdf, id=77, 870.25125pt x 561.09625pt>
File: images/p1-2b.pdf Graphic file (type pdf)
<use images/p1-2b.pdf>
Package pdftex.def Info: images/p1-2b.pdf  used on input line 120.
(pdftex.def)             Requested size: 281.85587pt x 181.72911pt.
<images/p1-2c.pdf, id=78, 899.36pt x 564.1075pt>
File: images/p1-2c.pdf Graphic file (type pdf)
<use images/p1-2c.pdf>
Package pdftex.def Info: images/p1-2c.pdf  used on input line 129.
(pdftex.def)             Requested size: 281.85587pt x 176.791pt.
 [5

 <./images/p1-2a.pdf> <./images/p1-2b.pdf

pdfTeX warning: pdflatex (file ./images/p1-2b.pdf): PDF inclusion: multiple pdf
s with page group included in a single page
>]
<images/p1-2d.pdf, id=101, 870.25125pt x 555.07375pt>
File: images/p1-2d.pdf Graphic file (type pdf)
<use images/p1-2d.pdf>
Package pdftex.def Info: images/p1-2d.pdf  used on input line 139.
(pdftex.def)             Requested size: 281.85587pt x 179.77853pt.
<images/p1-2e.pdf, id=102, 899.36pt x 549.05125pt>
File: images/p1-2e.pdf Graphic file (type pdf)
<use images/p1-2e.pdf>
Package pdftex.def Info: images/p1-2e.pdf  used on input line 140.
(pdftex.def)             Requested size: 281.85587pt x 172.07239pt.
<images/p1-2f.pdf, id=103, 870.25125pt x 566.115pt>
File: images/p1-2f.pdf Graphic file (type pdf)
<use images/p1-2f.pdf>
Package pdftex.def Info: images/p1-2f.pdf  used on input line 141.
(pdftex.def)             Requested size: 281.85587pt x 183.3546pt.
 [6 <./images/p1-2c.pdf>] [7 <./images/p1-2d.pdf> <./images/p1-2e.pdf

pdfTeX warning: pdflatex (file ./images/p1-2e.pdf): PDF inclusion: multiple pdf
s with page group included in a single page
> <./images/p1-2f.pdf

pdfTeX warning: pdflatex (file ./images/p1-2f.pdf): PDF inclusion: multiple pdf
s with page group included in a single page
>]
<images/p1-3a.pdf, id=192, 899.36pt x 537.00626pt>
File: images/p1-3a.pdf Graphic file (type pdf)
<use images/p1-3a.pdf>
Package pdftex.def Info: images/p1-3a.pdf  used on input line 154.
(pdftex.def)             Requested size: 281.85587pt x 168.29749pt.
<images/p1-3b.pdf, id=193, 899.36pt x 561.09625pt>
File: images/p1-3b.pdf Graphic file (type pdf)
<use images/p1-3b.pdf>
Package pdftex.def Info: images/p1-3b.pdf  used on input line 163.
(pdftex.def)             Requested size: 281.85587pt x 175.84727pt.
<images/p1-3c.pdf, id=194, 899.36pt x 576.1525pt>
File: images/p1-3c.pdf Graphic file (type pdf)
<use images/p1-3c.pdf>
Package pdftex.def Info: images/p1-3c.pdf  used on input line 172.
(pdftex.def)             Requested size: 281.85587pt x 180.56589pt.
 [8

 <./images/p1-3a.pdf> <./images/p1-3b.pdf

pdfTeX warning: pdflatex (file ./images/p1-3b.pdf): PDF inclusion: multiple pdf
s with page group included in a single page
>]
<images/p1-3d.pdf, id=241, 899.36pt x 564.1075pt>
File: images/p1-3d.pdf Graphic file (type pdf)
<use images/p1-3d.pdf>
Package pdftex.def Info: images/p1-3d.pdf  used on input line 182.
(pdftex.def)             Requested size: 281.85587pt x 176.791pt.
<images/p1-3e.pdf, id=242, 899.36pt x 554.07pt>
File: images/p1-3e.pdf Graphic file (type pdf)
<use images/p1-3e.pdf>
Package pdftex.def Info: images/p1-3e.pdf  used on input line 183.
(pdftex.def)             Requested size: 281.85587pt x 173.64525pt.
<images/p1-3f.pdf, id=243, 899.36pt x 566.115pt>
File: images/p1-3f.pdf Graphic file (type pdf)
<use images/p1-3f.pdf>
Package pdftex.def Info: images/p1-3f.pdf  used on input line 184.
(pdftex.def)             Requested size: 281.85587pt x 177.42015pt.
 [9 <./images/p1-3c.pdf>] [10 <./images/p1-3d.pdf> <./images/p1-3e.pdf

pdfTeX warning: pdflatex (file ./images/p1-3e.pdf): PDF inclusion: multiple pdf
s with page group included in a single page
> <./images/p1-3f.pdf

pdfTeX warning: pdflatex (file ./images/p1-3f.pdf): PDF inclusion: multiple pdf
s with page group included in a single page
>]
<images/p1-4a.pdf, id=357, 870.25125pt x 569.12625pt>
File: images/p1-4a.pdf Graphic file (type pdf)
<use images/p1-4a.pdf>
Package pdftex.def Info: images/p1-4a.pdf  used on input line 197.
(pdftex.def)             Requested size: 281.85587pt x 184.3299pt.
<images/p1-4b.pdf, id=358, 899.36pt x 569.12625pt>
File: images/p1-4b.pdf Graphic file (type pdf)
<use images/p1-4b.pdf>
Package pdftex.def Info: images/p1-4b.pdf  used on input line 208.
(pdftex.def)             Requested size: 281.85587pt x 178.36388pt.
<images/p1-4c.pdf, id=359, 899.36pt x 575.14874pt>
File: images/p1-4c.pdf Graphic file (type pdf)
<use images/p1-4c.pdf>
Package pdftex.def Info: images/p1-4c.pdf  used on input line 217.
(pdftex.def)             Requested size: 281.85587pt x 180.25133pt.
 [11

 <./images/p1-4a.pdf> <./images/p1-4b.pdf

pdfTeX warning: pdflatex (file ./images/p1-4b.pdf): PDF inclusion: multiple pdf
s with page group included in a single page
>]
<images/p1-4d.pdf, id=403, 899.36pt x 581.17125pt>
File: images/p1-4d.pdf Graphic file (type pdf)
<use images/p1-4d.pdf>
Package pdftex.def Info: images/p1-4d.pdf  used on input line 227.
(pdftex.def)             Requested size: 281.85587pt x 182.13878pt.
<images/p1-4e.pdf, id=404, 899.36pt x 566.115pt>
File: images/p1-4e.pdf Graphic file (type pdf)
<use images/p1-4e.pdf>
Package pdftex.def Info: images/p1-4e.pdf  used on input line 228.
(pdftex.def)             Requested size: 281.85587pt x 177.42015pt.
<images/p1-4f.pdf, id=405, 899.36pt x 575.14874pt>
File: images/p1-4f.pdf Graphic file (type pdf)
<use images/p1-4f.pdf>
Package pdftex.def Info: images/p1-4f.pdf  used on input line 229.
(pdftex.def)             Requested size: 281.85587pt x 180.25133pt.
 [12 <./images/p1-4c.pdf>] [13 <./images/p1-4d.pdf> <./images/p1-4e.pdf

pdfTeX warning: pdflatex (file ./images/p1-4e.pdf): PDF inclusion: multiple pdf
s with page group included in a single page
> <./images/p1-4f.pdf

pdfTeX warning: pdflatex (file ./images/p1-4f.pdf): PDF inclusion: multiple pdf
s with page group included in a single page
>]
<images/p2-1a.pdf, id=520, 870.25125pt x 529.98pt>
File: images/p2-1a.pdf Graphic file (type pdf)
<use images/p2-1a.pdf>
Package pdftex.def Info: images/p2-1a.pdf  used on input line 244.
(pdftex.def)             Requested size: 281.85587pt x 171.65111pt.
<images/p2-1b.pdf, id=521, 870.25125pt x 599.23875pt>
File: images/p2-1b.pdf Graphic file (type pdf)
<use images/p2-1b.pdf>
Package pdftex.def Info: images/p2-1b.pdf  used on input line 255.
(pdftex.def)             Requested size: 281.85587pt x 194.0828pt.
<images/p2-1c.pdf, id=522, 870.25125pt x 573.14125pt>
File: images/p2-1c.pdf Graphic file (type pdf)
<use images/p2-1c.pdf>
Package pdftex.def Info: images/p2-1c.pdf  used on input line 266.
(pdftex.def)             Requested size: 281.85587pt x 185.63028pt.
<images/p2-1d.pdf, id=523, 870.25125pt x 568.1225pt>
File: images/p2-1d.pdf Graphic file (type pdf)
<use images/p2-1d.pdf>
Package pdftex.def Info: images/p2-1d.pdf  used on input line 267.
(pdftex.def)             Requested size: 281.85587pt x 184.00479pt.
<images/p2-1e.pdf, id=524, 870.25125pt x 573.14125pt>
File: images/p2-1e.pdf Graphic file (type pdf)
<use images/p2-1e.pdf>
Package pdftex.def Info: images/p2-1e.pdf  used on input line 268.
(pdftex.def)             Requested size: 281.85587pt x 185.63028pt.
 [14

 <./images/p2-1a.pdf> <./images/p2-1b.pdf

pdfTeX warning: pdflatex (file ./images/p2-1b.pdf): PDF inclusion: multiple pdf
s with page group included in a single page
>]

LaTeX Warning: Text page 15 contains only floats.

[15 <./images/p2-1c.pdf> <./images/p2-1d.pdf

pdfTeX warning: pdflatex (file ./images/p2-1d.pdf): PDF inclusion: multiple pdf
s with page group included in a single page
> <./images/p2-1e.pdf

pdfTeX warning: pdflatex (file ./images/p2-1e.pdf): PDF inclusion: multiple pdf
s with page group included in a single page
>]
<images/p4-1a.pdf, id=549, 782.925pt x 461.725pt>
File: images/p4-1a.pdf Graphic file (type pdf)
<use images/p4-1a.pdf>
Package pdftex.def Info: images/p4-1a.pdf  used on input line 286.
(pdftex.def)             Requested size: 281.85587pt x 166.22087pt.
 [16 <./images/p4-1a.pdf>] [17] (./rooney_week4.aux)

LaTeX Warning: There were multiply-defined labels.

 ) 
Here is how much of TeX's memory you used:
 2896 strings out of 494847
 40827 string characters out of 6179080
 103291 words of memory out of 5000000
 6157 multiletter control sequences out of 15000+600000
 9191 words of font info for 34 fonts, out of 8000000 for 9000
 59 hyphenation exceptions out of 8191
 41i,10n,43p,1082b,258s stack positions out of 5000i,500n,10000p,200000b,80000s
</usr/share/texlive/texmf-dist/fonts/type1/public/amsfonts/cm/cmbx10.pfb></us
r/share/texlive/texmf-dist/fonts/type1/public/amsfonts/cm/cmbx12.pfb></usr/shar
e/texlive/texmf-dist/fonts/type1/public/amsfonts/cm/cmmi10.pfb></usr/share/texl
ive/texmf-dist/fonts/type1/public/amsfonts/cm/cmr10.pfb></usr/share/texlive/tex
mf-dist/fonts/type1/public/amsfonts/cm/cmr12.pfb></usr/share/texlive/texmf-dist
/fonts/type1/public/amsfonts/cm/cmr17.pfb></usr/share/texlive/texmf-dist/fonts/
type1/public/amsfonts/cm/cmr7.pfb></usr/share/texlive/texmf-dist/fonts/type1/pu
blic/amsfonts/cm/cmsy10.pfb></usr/share/texlive/texmf-dist/fonts/type1/public/a
msfonts/cm/cmsy7.pfb></usr/share/texlive/texmf-dist/fonts/type1/public/amsfonts
/cm/cmtt10.pfb>
Output written on rooney_week4.pdf (17 pages, 12808202 bytes).
PDF statistics:
 594 PDF objects out of 1000 (max. 8388607)
 392 compressed objects within 4 object streams
 0 named destinations out of 1000 (max. 500000)
 156 words of extra memory for PDF output out of 10000 (max. 10000000)

